<?xml version="1.0" encoding="UTF-8"?>
<!-- Generated by org.testng.reporters.JUnitReportReporter -->
<testsuite skipped="0" hostname="DESKTOP-P77456N" name="com.org.tests.LeftMenuPageTests" tests="2" failures="0" timestamp="2023-07-15T13:24:25 IST" time="0.433" errors="0">
  <testcase name="validateSeleniumLink" time="0.230" classname="com.org.tests.LeftMenuPageTests"/>
  <system-out/>
  <testcase name="validateJMeterLink" time="0.203" classname="com.org.tests.LeftMenuPageTests"/>
  <system-out/>
</testsuite> <!-- com.org.tests.LeftMenuPageTests -->
