<?xml version="1.0" encoding="UTF-8"?>
<!-- Generated by org.testng.reporters.JUnitReportReporter -->
<testsuite skipped="0" hostname="DESKTOP-P77456N" name="com.org.tests.LeftMenuPageTests" tests="2" failures="0" timestamp="2023-07-16T13:19:34 IST" time="0.606" errors="0">
  <testcase name="validateJMeterLink" time="0.304" classname="com.org.tests.LeftMenuPageTests"/>
  <system-out/>
  <testcase name="validateSeleniumLink" time="0.302" classname="com.org.tests.LeftMenuPageTests"/>
  <system-out/>
</testsuite> <!-- com.org.tests.LeftMenuPageTests -->
