<?xml version="1.0" encoding="UTF-8"?>
<!-- Generated by org.testng.reporters.JUnitReportReporter -->
<testsuite skipped="0" hostname="DESKTOP-P77456N" name="com.org.tests.UserRegistrationTests" tests="3" failures="0" timestamp="2023-07-16T13:19:34 IST" time="1.149" errors="0">
  <testcase name="validateFirstName" time="0.678" classname="com.org.tests.UserRegistrationTests"/>
  <system-out/>
  <testcase name="validateMiddleName" time="0.350" classname="com.org.tests.UserRegistrationTests"/>
  <system-out/>
  <testcase name="validateLastName" time="0.121" classname="com.org.tests.UserRegistrationTests"/>
  <system-out/>
</testsuite> <!-- com.org.tests.UserRegistrationTests -->
